# JRE version: Java(TM) SE Runtime Environment (23.0.1+11) (build 23.0.1+11-39)
# Java VM: Java HotSpot(TM) 64-Bit Server VM (23.0.1+11-39, mixed mode, sharing, tiered, compressed oops, compressed class ptrs, g1 gc, windows-amd64)
GC Precious Log:
 CardTable entry size: 512
 Card Set container configuration: InlinePtr #cards 5 size 8 Array Of Cards #cards 10 size 36 Howl #buckets 4 coarsen threshold 1843 Howl Bitmap #cards 512 size 80 coarsen threshold 460 Card regions per heap region 1 cards per card region 2048
 CPUs: 12 total, 12 available
 Memory: 7817M
 Large Page Support: Disabled
 NUMA Support: Disabled
 Compressed Oops: Enabled (32-bit)
 Heap Region Size: 1M
 Heap Min Capacity: 8M
 Heap Initial Capacity: 124M
 Heap Max Capacity: 1956M
 Pre-touch: Disabled
 Parallel Workers: 10
 Concurrent Workers: 3
 Concurrent Refinement Workers: 10
 Periodic GC: Disabled
Heap:
 garbage-first heap   total reserved 2002944K, committed 63488K, used 54367K [0x0000000085c00000, 0x0000000100000000)
  region size 1024K, 23 young (23552K), 2 survivors (2048K)
 Metaspace       used 85824K, committed 86848K, reserved 1179648K
  class space    used 11431K, committed 11904K, reserved 1048576K
GC Heap History (20 events):
Event: 1796.670 GC heap before
{Heap before GC invocations=39 (full 0):
 garbage-first heap   total reserved 2002944K, committed 63488K, used 55934K [0x0000000085c00000, 0x0000000100000000)
  region size 1024K, 21 young (21504K), 2 survivors (2048K)
 Metaspace       used 85798K, committed 86592K, reserved 1179648K
  class space    used 11513K, committed 11904K, reserved 1048576K
}
Event: 1796.892 GC heap after
{Heap after GC invocations=40 (full 0):
 garbage-first heap   total reserved 2002944K, committed 63488K, used 36076K [0x0000000085c00000, 0x0000000100000000)
  region size 1024K, 2 young (2048K), 2 survivors (2048K)
 Metaspace       used 85798K, committed 86592K, reserved 1179648K
  class space    used 11513K, committed 11904K, reserved 1048576K
}
Event: 2302.603 GC heap before
{Heap before GC invocations=40 (full 0):
 garbage-first heap   total reserved 2002944K, committed 63488K, used 55532K [0x0000000085c00000, 0x0000000100000000)
  region size 1024K, 22 young (22528K), 2 survivors (2048K)
 Metaspace       used 85840K, committed 86656K, reserved 1179648K
  class space    used 11513K, committed 11904K, reserved 1048576K
}
Event: 2302.798 GC heap after
{Heap after GC invocations=41 (full 0):
 garbage-first heap   total reserved 2002944K, committed 63488K, used 35962K [0x0000000085c00000, 0x0000000100000000)
  region size 1024K, 2 young (2048K), 2 survivors (2048K)
 Metaspace       used 85840K, committed 86656K, reserved 1179648K
  class space    used 11513K, committed 11904K, reserved 1048576K
}
Event: 2928.588 GC heap before
{Heap before GC invocations=42 (full 0):
 garbage-first heap   total reserved 2002944K, committed 63488K, used 56442K [0x0000000085c00000, 0x0000000100000000)
  region size 1024K, 22 young (22528K), 2 survivors (2048K)
 Metaspace       used 85591K, committed 86720K, reserved 1179648K
  class space    used 11425K, committed 11904K, reserved 1048576K
}
Event: 2928.686 GC heap after
{Heap after GC invocations=43 (full 0):
 garbage-first heap   total reserved 2002944K, committed 63488K, used 36218K [0x0000000085c00000, 0x0000000100000000)
  region size 1024K, 2 young (2048K), 2 survivors (2048K)
 Metaspace       used 85591K, committed 86720K, reserved 1179648K
  class space    used 11425K, committed 11904K, reserved 1048576K
}
Event: 3660.113 GC heap before
{Heap before GC invocations=43 (full 0):
 garbage-first heap   total reserved 2002944K, committed 63488K, used 56698K [0x0000000085c00000, 0x0000000100000000)
  region size 1024K, 22 young (22528K), 2 survivors (2048K)
 Metaspace       used 85621K, committed 86720K, reserved 1179648K
  class space    used 11426K, committed 11904K, reserved 1048576K
}
Event: 3660.319 GC heap after
{Heap after GC invocations=44 (full 0):
 garbage-first heap   total reserved 2002944K, committed 63488K, used 35802K [0x0000000085c00000, 0x0000000100000000)
  region size 1024K, 2 young (2048K), 2 survivors (2048K)
 Metaspace       used 85621K, committed 86720K, reserved 1179648K
  class space    used 11426K, committed 11904K, reserved 1048576K
}
Event: 4488.758 GC heap before
{Heap before GC invocations=44 (full 0):
 garbage-first heap   total reserved 2002944K, committed 63488K, used 56282K [0x0000000085c00000, 0x0000000100000000)
  region size 1024K, 22 young (22528K), 2 survivors (2048K)
 Metaspace       used 85645K, committed 86720K, reserved 1179648K
  class space    used 11426K, committed 11904K, reserved 1048576K
}
Event: 4488.922 GC heap after
{Heap after GC invocations=45 (full 0):
 garbage-first heap   total reserved 2002944K, committed 63488K, used 35347K [0x0000000085c00000, 0x0000000100000000)
  region size 1024K, 2 young (2048K), 2 survivors (2048K)
 Metaspace       used 85645K, committed 86720K, reserved 1179648K
  class space    used 11426K, committed 11904K, reserved 1048576K
}
Event: 5230.315 GC heap before
{Heap before GC invocations=45 (full 0):
 garbage-first heap   total reserved 2002944K, committed 63488K, used 55827K [0x0000000085c00000, 0x0000000100000000)
  region size 1024K, 22 young (22528K), 2 survivors (2048K)
 Metaspace       used 85691K, committed 86784K, reserved 1179648K
  class space    used 11427K, committed 11904K, reserved 1048576K
}
Event: 5230.406 GC heap after
{Heap after GC invocations=46 (full 0):
 garbage-first heap   total reserved 2002944K, committed 63488K, used 35103K [0x0000000085c00000, 0x0000000100000000)
  region size 1024K, 2 young (2048K), 2 survivors (2048K)
 Metaspace       used 85691K, committed 86784K, reserved 1179648K
  class space    used 11427K, committed 11904K, reserved 1048576K
}
Event: 6098.601 GC heap before
{Heap before GC invocations=46 (full 0):
 garbage-first heap   total reserved 2002944K, committed 63488K, used 56607K [0x0000000085c00000, 0x0000000100000000)
  region size 1024K, 23 young (23552K), 2 survivors (2048K)
 Metaspace       used 85709K, committed 86784K, reserved 1179648K
  class space    used 11427K, committed 11904K, reserved 1048576K
}
Event: 6098.657 GC heap after
{Heap after GC invocations=47 (full 0):
 garbage-first heap   total reserved 2002944K, committed 63488K, used 34704K [0x0000000085c00000, 0x0000000100000000)
  region size 1024K, 2 young (2048K), 2 survivors (2048K)
 Metaspace       used 85709K, committed 86784K, reserved 1179648K
  class space    used 11427K, committed 11904K, reserved 1048576K
}
Event: 6886.940 GC heap before
{Heap before GC invocations=47 (full 0):
 garbage-first heap   total reserved 2002944K, committed 63488K, used 56208K [0x0000000085c00000, 0x0000000100000000)
  region size 1024K, 23 young (23552K), 2 survivors (2048K)
 Metaspace       used 85738K, committed 86784K, reserved 1179648K
  class space    used 11427K, committed 11904K, reserved 1048576K
}
Event: 6886.975 GC heap after
{Heap after GC invocations=48 (full 0):
 garbage-first heap   total reserved 2002944K, committed 63488K, used 34499K [0x0000000085c00000, 0x0000000100000000)
  region size 1024K, 2 young (2048K), 2 survivors (2048K)
 Metaspace       used 85738K, committed 86784K, reserved 1179648K
  class space    used 11427K, committed 11904K, reserved 1048576K
}
Event: 7748.051 GC heap before
{Heap before GC invocations=48 (full 0):
 garbage-first heap   total reserved 2002944K, committed 63488K, used 56003K [0x0000000085c00000, 0x0000000100000000)
  region size 1024K, 23 young (23552K), 2 survivors (2048K)
 Metaspace       used 85762K, committed 86848K, reserved 1179648K
  class space    used 11427K, committed 11904K, reserved 1048576K
}
Event: 7748.108 GC heap after
{Heap after GC invocations=49 (full 0):
 garbage-first heap   total reserved 2002944K, committed 63488K, used 34059K [0x0000000085c00000, 0x0000000100000000)
  region size 1024K, 2 young (2048K), 2 survivors (2048K)
 Metaspace       used 85762K, committed 86848K, reserved 1179648K
  class space    used 11427K, committed 11904K, reserved 1048576K
}
Event: 8636.251 GC heap before
{Heap before GC invocations=49 (full 0):
 garbage-first heap   total reserved 2002944K, committed 63488K, used 56587K [0x0000000085c00000, 0x0000000100000000)
  region size 1024K, 24 young (24576K), 2 survivors (2048K)
 Metaspace       used 85792K, committed 86848K, reserved 1179648K
  class space    used 11427K, committed 11904K, reserved 1048576K
}
Event: 8636.300 GC heap after
{Heap after GC invocations=50 (full 0):
 garbage-first heap   total reserved 2002944K, committed 63488K, used 33887K [0x0000000085c00000, 0x0000000100000000)
  region size 1024K, 2 young (2048K), 2 survivors (2048K)
 Metaspace       used 85792K, committed 86848K, reserved 1179648K
  class space    used 11427K, committed 11904K, reserved 1048576K
}

